\BOOKMARK [1][-]{Doc-Start}{\376\377\000S\000c\000h\000e\000d\000u\000l\000e}{}% 1
\BOOKMARK [1][-]{Doc-Start}{\376\377\000A\000b\000o\000u\000t\000\040\000M\000A\000T\000H\0002\0007\0005\0000}{}% 2
\BOOKMARK [2][-]{section*.1}{\376\377\000O\000r\000g\000a\000n\000i\000s\000a\000t\000i\000o\000n\000\040\000o\000f\000\040\000M\000A\000T\000H\0002\0007\0005\0000}{Doc-Start}% 3
\BOOKMARK [2][-]{section*.1}{\376\377\000C\000o\000n\000t\000e\000n\000t\000\040\000o\000f\000\040\000M\000A\000T\000H\0002\0007\0005\0000}{Doc-Start}% 4
\BOOKMARK [0][-]{part*.2}{\376\377\000P\000a\000r\000t\000\040\000I\000:\000\040\000D\000i\000s\000c\000r\000e\000t\000e\000\040\000t\000i\000m\000e\000\040\000M\000a\000r\000k\000o\000v\000\040\000c\000h\000a\000i\000n\000s}{}% 5
\BOOKMARK [1][-]{section.1}{\376\377\000S\000t\000o\000c\000h\000a\000s\000t\000i\000c\000\040\000p\000r\000o\000c\000e\000s\000s\000e\000s\000\040\000a\000n\000d\000\040\000t\000h\000e\000\040\000M\000a\000r\000k\000o\000v\000\040\000p\000r\000o\000p\000e\000r\000t\000y}{part*.2}% 6
\BOOKMARK [2][-]{subsection.1.1}{\376\377\000D\000e\000t\000e\000r\000m\000i\000n\000i\000s\000t\000i\000c\000\040\000a\000n\000d\000\040\000r\000a\000n\000d\000o\000m\000\040\000m\000o\000d\000e\000l\000s}{section.1}% 7
\BOOKMARK [2][-]{subsection.1.2}{\376\377\000S\000t\000o\000c\000h\000a\000s\000t\000i\000c\000\040\000p\000r\000o\000c\000e\000s\000s\000e\000s}{section.1}% 8
\BOOKMARK [2][-]{subsection.1.3}{\376\377\000M\000a\000r\000k\000o\000v\000\040\000p\000r\000o\000p\000e\000r\000t\000y}{section.1}% 9
\BOOKMARK [1][-]{section.2}{\376\377\000R\000a\000n\000d\000o\000m\000\040\000w\000a\000l\000k}{part*.2}% 10
\BOOKMARK [2][-]{subsection.2.1}{\376\377\000S\000i\000m\000p\000l\000e\000\040\000r\000a\000n\000d\000o\000m\000\040\000w\000a\000l\000k}{section.2}% 11
\BOOKMARK [2][-]{subsection.2.2}{\376\377\000G\000e\000n\000e\000r\000a\000l\000\040\000r\000a\000n\000d\000o\000m\000\040\000w\000a\000l\000k\000s}{section.2}% 12
\BOOKMARK [2][-]{subsection.2.3}{\376\377\000E\000x\000a\000c\000t\000\040\000d\000i\000s\000t\000r\000i\000b\000u\000t\000i\000o\000n\000\040\000o\000f\000\040\000t\000h\000e\000\040\000s\000i\000m\000p\000l\000e\000\040\000r\000a\000n\000d\000o\000m\000\040\000w\000a\000l\000k}{section.2}% 13
\BOOKMARK [1][-]{equation.2.2}{\376\377\000P\000r\000o\000b\000l\000e\000m\000\040\000S\000h\000e\000e\000t\000\040\0001}{part*.2}% 14
\BOOKMARK [1][-]{section.3}{\376\377\000G\000a\000m\000b\000l\000e\000r\000'\000s\000\040\000r\000u\000i\000n}{part*.2}% 15
\BOOKMARK [2][-]{subsection.3.1}{\376\377\000G\000a\000m\000b\000l\000e\000r\000'\000s\000\040\000r\000u\000i\000n\000\040\000M\000a\000r\000k\000o\000v\000\040\000c\000h\000a\000i\000n}{section.3}% 16
\BOOKMARK [2][-]{subsection.3.2}{\376\377\000P\000r\000o\000b\000a\000b\000i\000l\000i\000t\000y\000\040\000o\000f\000\040\000r\000u\000i\000n}{section.3}% 17
\BOOKMARK [2][-]{subsection.3.3}{\376\377\000E\000x\000p\000e\000c\000t\000e\000d\000\040\000d\000u\000r\000a\000t\000i\000o\000n\000\040\000o\000f\000\040\000t\000h\000e\000\040\000g\000a\000m\000e}{section.3}% 18
\BOOKMARK [1][-]{section.4}{\376\377\000L\000i\000n\000e\000a\000r\000\040\000d\000i\000f\000f\000e\000r\000e\000n\000c\000e\000\040\000e\000q\000u\000a\000t\000i\000o\000n\000s}{part*.2}% 19
\BOOKMARK [2][-]{subsection.4.1}{\376\377\000H\000o\000m\000o\000g\000e\000n\000e\000o\000u\000s\000\040\000l\000i\000n\000e\000a\000r\000\040\000d\000i\000f\000f\000e\000r\000e\000n\000c\000e\000\040\000e\000q\000u\000a\000t\000i\000o\000n\000s}{section.4}% 20
\BOOKMARK [2][-]{subsection.4.2}{\376\377\000P\000r\000o\000b\000a\000b\000i\000l\000i\000t\000y\000\040\000o\000f\000\040\000r\000u\000i\000n\000\040\000f\000o\000r\000\040\000t\000h\000e\000\040\000g\000a\000m\000b\000l\000e\000r\000'\000s\000\040\000r\000u\000i\000n}{section.4}% 21
\BOOKMARK [2][-]{subsection.4.3}{\376\377\000I\000n\000h\000o\000m\000o\000g\000e\000n\000e\000o\000u\000s\000\040\000l\000i\000n\000e\000a\000r\000\040\000d\000i\000f\000f\000e\000r\000e\000n\000c\000e\000\040\000e\000q\000u\000a\000t\000i\000o\000n\000s}{section.4}% 22
\BOOKMARK [2][-]{subsection.4.4}{\376\377\000E\000x\000p\000e\000c\000t\000e\000d\000\040\000d\000u\000r\000a\000t\000i\000o\000n\000\040\000f\000o\000r\000\040\000t\000h\000e\000\040\000g\000a\000m\000b\000l\000e\000r\000'\000s\000\040\000r\000u\000i\000n}{section.4}% 23
\BOOKMARK [1][-]{subsection.4.4}{\376\377\000P\000r\000o\000b\000l\000e\000m\000\040\000s\000h\000e\000e\000t\000\040\0002}{part*.2}% 24
\BOOKMARK [1][-]{subsection.4.4}{\376\377\000A\000s\000s\000e\000s\000s\000m\000e\000n\000t\000\040\0001}{part*.2}% 25
\BOOKMARK [1][-]{section.5}{\376\377\000D\000i\000s\000c\000r\000e\000t\000e\000\040\000t\000i\000m\000e\000\040\000M\000a\000r\000k\000o\000v\000\040\000c\000h\000a\000i\000n\000s}{part*.2}% 26
\BOOKMARK [2][-]{subsection.5.1}{\376\377\000T\000i\000m\000e\000\040\000h\000o\000m\000o\000g\000e\000n\000e\000o\000u\000s\000\040\000d\000i\000s\000c\000r\000e\000t\000e\000\040\000t\000i\000m\000e\000\040\000M\000a\000r\000k\000o\000v\000\040\000c\000h\000a\000i\000n\000s}{section.5}% 27
\BOOKMARK [2][-]{subsection.5.2}{\376\377\000A\000\040\000t\000w\000o\000-\000s\000t\000a\000t\000e\000\040\000e\000x\000a\000m\000p\000l\000e}{section.5}% 28
\BOOKMARK [2][-]{subsection.5.3}{\376\377\000n\000-\000s\000t\000e\000p\000\040\000t\000r\000a\000n\000s\000i\000t\000i\000o\000n\000\040\000p\000r\000o\000b\000a\000b\000i\000l\000i\000t\000i\000e\000s}{section.5}% 29
\BOOKMARK [1][-]{section.6}{\376\377\000E\000x\000a\000m\000p\000l\000e\000s\000\040\000f\000r\000o\000m\000\040\000a\000c\000t\000u\000a\000r\000i\000a\000l\000\040\000s\000c\000i\000e\000n\000c\000e}{part*.2}% 30
\BOOKMARK [2][-]{subsection.6.1}{\376\377\000A\000\040\000s\000i\000m\000p\000l\000e\000\040\000n\000o\000-\000c\000l\000a\000i\000m\000s\000\040\000d\000i\000s\000c\000o\000u\000n\000t\000\040\000m\000o\000d\000e\000l}{section.6}% 31
\BOOKMARK [2][-]{subsection.6.2}{\376\377\000A\000n\000\040\000a\000c\000c\000i\000d\000e\000n\000t\000\040\000m\000o\000d\000e\000l\000\040\000w\000i\000t\000h\000\040\000m\000e\000m\000o\000r\000y}{section.6}% 32
\BOOKMARK [2][-]{subsection.6.3}{\376\377\000A\000\040\000n\000o\000-\000c\000l\000a\000i\000m\000s\000\040\000d\000i\000s\000c\000o\000u\000n\000t\000\040\000m\000o\000d\000e\000l\000\040\000w\000i\000t\000h\000\040\000m\000e\000m\000o\000r\000y}{section.6}% 33
\BOOKMARK [1][-]{figure.4}{\376\377\000P\000r\000o\000b\000l\000e\000m\000\040\000s\000h\000e\000e\000t\000\040\0003}{part*.2}% 34
\BOOKMARK [1][-]{section.7}{\376\377\000C\000l\000a\000s\000s\000\040\000s\000t\000r\000u\000c\000t\000u\000r\000e}{part*.2}% 35
\BOOKMARK [2][-]{subsection.7.1}{\376\377\000C\000o\000m\000m\000u\000n\000i\000c\000a\000t\000i\000n\000g\000\040\000c\000l\000a\000s\000s\000e\000s}{section.7}% 36
\BOOKMARK [2][-]{subsection.7.2}{\376\377\000P\000e\000r\000i\000o\000d\000i\000c\000i\000t\000y}{section.7}% 37
\BOOKMARK [1][-]{section.8}{\376\377\000H\000i\000t\000t\000i\000n\000g\000\040\000t\000i\000m\000e\000s}{part*.2}% 38
\BOOKMARK [2][-]{subsection.8.1}{\376\377\000H\000i\000t\000t\000i\000n\000g\000\040\000p\000r\000o\000b\000a\000b\000i\000l\000i\000t\000i\000e\000s\000\040\000a\000n\000d\000\040\000e\000x\000p\000e\000c\000t\000e\000d\000\040\000h\000i\000t\000t\000i\000n\000g\000\040\000t\000i\000m\000e\000s}{section.8}% 39
\BOOKMARK [2][-]{subsection.8.2}{\376\377\000R\000e\000t\000u\000r\000n\000\040\000t\000i\000m\000e\000s}{section.8}% 40
\BOOKMARK [2][-]{subsection.8.3}{\376\377\000H\000i\000t\000t\000i\000n\000g\000\040\000a\000n\000d\000\040\000r\000e\000t\000u\000r\000n\000\040\000t\000i\000m\000e\000s\000\040\000f\000o\000r\000\040\000t\000h\000e\000\040\000s\000i\000m\000p\000l\000e\000\040\000r\000a\000n\000d\000o\000m\000\040\000w\000a\000l\000k}{section.8}% 41
\BOOKMARK [1][-]{theorem.8.2}{\376\377\000P\000r\000o\000b\000l\000e\000m\000\040\000s\000h\000e\000e\000t\000\040\0004}{part*.2}% 42
\BOOKMARK [1][-]{section.9}{\376\377\000R\000e\000c\000u\000r\000r\000e\000n\000c\000e\000\040\000a\000n\000d\000\040\000t\000r\000a\000n\000s\000i\000e\000n\000c\000e}{part*.2}% 43
\BOOKMARK [2][-]{subsection.9.1}{\376\377\000R\000e\000c\000u\000r\000r\000e\000n\000t\000\040\000a\000n\000d\000\040\000t\000r\000a\000n\000s\000i\000e\000n\000t\000\040\000s\000t\000a\000t\000e\000s}{section.9}% 44
\BOOKMARK [2][-]{subsection.9.2}{\376\377\000R\000e\000c\000u\000r\000r\000e\000n\000t\000\040\000a\000n\000d\000\040\000t\000r\000a\000n\000s\000i\000e\000n\000t\000\040\000c\000l\000a\000s\000s\000e\000s}{section.9}% 45
\BOOKMARK [2][-]{subsection.9.3}{\376\377\000P\000o\000s\000i\000t\000i\000v\000e\000\040\000a\000n\000d\000\040\000n\000u\000l\000l\000\040\000r\000e\000c\000u\000r\000r\000e\000n\000c\000e}{section.9}% 46
\BOOKMARK [2][-]{subsection.9.4}{\376\377\000S\000t\000r\000o\000n\000g\000\040\000M\000a\000r\000k\000o\000v\000\040\000p\000r\000o\000p\000e\000r\000t\000y}{section.9}% 47
\BOOKMARK [2][-]{subsection.9.5}{\376\377\000A\000\040\000u\000s\000e\000f\000u\000l\000\040\000l\000e\000m\000m\000a}{section.9}% 48
\BOOKMARK [1][-]{section.10}{\376\377\000S\000t\000a\000t\000i\000o\000n\000a\000r\000y\000\040\000d\000i\000s\000t\000r\000i\000b\000u\000t\000i\000o\000n\000s}{part*.2}% 49
\BOOKMARK [2][-]{subsection.10.1}{\376\377\000D\000e\000f\000i\000n\000i\000t\000i\000o\000n\000\040\000o\000f\000\040\000s\000t\000a\000t\000i\000o\000n\000a\000r\000y\000\040\000d\000i\000s\000t\000r\000i\000b\000u\000t\000i\000o\000n}{section.10}% 50
\BOOKMARK [2][-]{subsection.10.2}{\376\377\000F\000i\000n\000d\000i\000n\000g\000\040\000a\000\040\000s\000t\000a\000t\000i\000o\000n\000a\000r\000y\000\040\000d\000i\000s\000t\000r\000i\000b\000u\000t\000i\000o\000n}{section.10}% 51
\BOOKMARK [2][-]{subsection.10.3}{\376\377\000E\000x\000i\000s\000t\000e\000n\000c\000e\000\040\000a\000n\000d\000\040\000u\000n\000i\000q\000u\000e\000n\000e\000s\000s}{section.10}% 52
\BOOKMARK [2][-]{subsection.10.4}{\376\377\000P\000r\000o\000o\000f\000\040\000o\000f\000\040\000e\000x\000i\000s\000t\000e\000n\000c\000e\000\040\000a\000n\000d\000\040\000u\000n\000i\000q\000u\000e\000n\000e\000s\000s}{section.10}% 53
\BOOKMARK [1][-]{equation.10.11}{\376\377\000P\000r\000o\000b\000l\000e\000m\000\040\000s\000h\000e\000e\000t\000\040\0005}{part*.2}% 54
\BOOKMARK [1][-]{section.11}{\376\377\000L\000o\000n\000g\000-\000t\000e\000r\000m\000\040\000b\000e\000h\000a\000v\000i\000o\000u\000r\000\040\000o\000f\000\040\000M\000a\000r\000k\000o\000v\000\040\000c\000h\000a\000i\000n\000s}{part*.2}% 55
\BOOKMARK [2][-]{subsection.11.1}{\376\377\000C\000o\000n\000v\000e\000r\000g\000e\000n\000c\000e\000\040\000t\000o\000\040\000e\000q\000u\000i\000l\000i\000b\000r\000i\000u\000m}{section.11}% 56
\BOOKMARK [2][-]{subsection.11.2}{\376\377\000E\000x\000a\000m\000p\000l\000e\000s\000\040\000o\000f\000\040\000c\000o\000n\000v\000e\000r\000g\000e\000n\000c\000e\000\040\000a\000n\000d\000\040\000n\000o\000n\000-\000c\000o\000n\000v\000e\000r\000g\000e\000n\000c\000e}{section.11}% 57
\BOOKMARK [2][-]{subsection.11.3}{\376\377\000E\000r\000g\000o\000d\000i\000c\000\040\000t\000h\000e\000o\000r\000e\000m}{section.11}% 58
\BOOKMARK [2][-]{subsection.11.4}{\376\377\000P\000r\000o\000o\000f\000s\000\040\000o\000f\000\040\000t\000h\000e\000\040\000l\000i\000m\000i\000t\000\040\000a\000n\000d\000\040\000e\000r\000g\000o\000d\000i\000c\000\040\000t\000h\000e\000o\000r\000e\000m\000s}{section.11}% 59
\BOOKMARK [1][-]{section.12}{\376\377\000E\000n\000d\000\040\000o\000f\000\040\000o\000f\000\040\000P\000a\000r\000t\000\040\000I\000:\000\040\000D\000i\000s\000c\000r\000e\000t\000e\000\040\000t\000i\000m\000e\000\040\000M\000a\000r\000k\000o\000v\000\040\000c\000h\000a\000i\000n\000s}{part*.2}% 60
\BOOKMARK [2][-]{subsection.12.1}{\376\377\000T\000h\000i\000n\000g\000s\000\040\000t\000o\000\040\000d\000o}{section.12}% 61
\BOOKMARK [2][-]{subsection.12.2}{\376\377\000S\000u\000m\000m\000a\000r\000y\000\040\000o\000f\000\040\000P\000a\000r\000t\000\040\000I}{section.12}% 62
\BOOKMARK [1][-]{subsection.12.2}{\376\377\000P\000r\000o\000b\000l\000e\000m\000\040\000s\000h\000e\000e\000t\000\040\0006}{part*.2}% 63
\BOOKMARK [1][-]{equation.12.16}{\376\377\000A\000s\000s\000e\000s\000s\000m\000e\000n\000t\000\040\0003}{part*.2}% 64
\BOOKMARK [0][-]{part*.7}{\376\377\000P\000a\000r\000t\000\040\000I\000I\000:\000\040\000C\000o\000n\000t\000i\000n\000u\000o\000u\000s\000\040\000t\000i\000m\000e\000\040\000M\000a\000r\000k\000o\000v\000\040\000j\000u\000m\000p\000\040\000p\000r\000o\000c\000e\000s\000s\000e\000s}{}% 65
\BOOKMARK [1][-]{section.13}{\376\377\000P\000o\000i\000s\000s\000o\000n\000\040\000p\000r\000o\000c\000e\000s\000s\000\040\000w\000i\000t\000h\000\040\000P\000o\000i\000s\000s\000o\000n\000\040\000i\000n\000c\000r\000e\000m\000e\000n\000t\000s}{part*.7}% 66
\BOOKMARK [2][-]{subsection.13.1}{\376\377\000P\000o\000i\000s\000s\000o\000n\000\040\000d\000i\000s\000t\000r\000i\000b\000u\000t\000i\000o\000n}{section.13}% 67
\BOOKMARK [2][-]{subsection.13.2}{\376\377\000D\000e\000f\000i\000n\000i\000t\000i\000o\000n\000\040\0001\000:\000\040\000P\000o\000i\000s\000s\000o\000n\000\040\000i\000n\000c\000r\000e\000m\000e\000n\000t\000s}{section.13}% 68
\BOOKMARK [2][-]{subsection.13.3}{\376\377\000S\000u\000m\000m\000e\000d\000\040\000a\000n\000d\000\040\000m\000a\000r\000k\000e\000d\000\040\000P\000o\000i\000s\000s\000o\000n\000\040\000p\000r\000o\000c\000e\000s\000s\000e\000s}{section.13}% 69
\BOOKMARK [1][-]{section.14}{\376\377\000P\000o\000i\000s\000s\000o\000n\000\040\000p\000r\000o\000c\000e\000s\000s\000\040\000w\000i\000t\000h\000\040\000e\000x\000p\000o\000n\000e\000n\000t\000i\000a\000l\000\040\000h\000o\000l\000d\000i\000n\000g\000\040\000t\000i\000m\000e\000s}{part*.7}% 70
\BOOKMARK [2][-]{subsection.14.1}{\376\377\000E\000x\000p\000o\000n\000e\000n\000t\000i\000a\000l\000\040\000d\000i\000s\000t\000r\000i\000b\000u\000t\000i\000o\000n}{section.14}% 71
\BOOKMARK [2][-]{subsection.14.2}{\376\377\000D\000e\000f\000i\000n\000i\000t\000i\000o\000n\000\040\0002\000:\000\040\000e\000x\000p\000o\000n\000e\000n\000t\000i\000a\000l\000\040\000h\000o\000l\000d\000i\000n\000g\000\040\000t\000i\000m\000e\000s}{section.14}% 72
\BOOKMARK [2][-]{subsection.14.3}{\376\377\000M\000a\000r\000k\000o\000v\000\040\000p\000r\000o\000p\000e\000r\000t\000y\000\040\000i\000n\000\040\000c\000o\000n\000t\000i\000n\000u\000o\000u\000s\000\040\000t\000i\000m\000e}{section.14}% 73
\BOOKMARK [1][-]{definition.14.1}{\376\377\000P\000r\000o\000b\000l\000e\000m\000\040\000s\000h\000e\000e\000t\000\040\0007}{part*.7}% 74
\BOOKMARK [1][-]{section.15}{\376\377\000P\000o\000i\000s\000s\000o\000n\000\040\000p\000r\000o\000c\000e\000s\000s\000\040\000i\000n\000\040\000i\000n\000f\000i\000n\000i\000t\000e\000s\000i\000m\000a\000l\000\040\000t\000i\000m\000e\000\040\000p\000e\000r\000i\000o\000d\000s}{part*.7}% 75
\BOOKMARK [2][-]{subsection.15.1}{\376\377\000D\000e\000f\000i\000n\000i\000t\000i\000o\000n\000\040\0003\000:\000\040\000i\000n\000c\000r\000e\000m\000e\000n\000t\000s\000\040\000i\000n\000\040\000i\000n\000f\000i\000n\000i\000t\000e\000s\000i\000m\000a\000l\000\040\000t\000i\000m\000e}{section.15}% 76
\BOOKMARK [2][-]{subsection.15.2}{\376\377\000E\000x\000a\000m\000p\000l\000e\000:\000\040\000s\000u\000m\000\040\000o\000f\000\040\000t\000w\000o\000\040\000P\000o\000i\000s\000s\000o\000n\000\040\000p\000r\000o\000c\000e\000s\000s\000e\000s}{section.15}% 77
\BOOKMARK [2][-]{subsection.15.3}{\376\377\000F\000o\000r\000w\000a\000r\000d\000\040\000e\000q\000u\000a\000t\000i\000o\000n\000s\000\040\000a\000n\000d\000\040\000p\000r\000o\000o\000f\000\040\000o\000f\000\040\000e\000q\000u\000i\000v\000a\000l\000e\000n\000c\000e}{section.15}% 78
\BOOKMARK [1][-]{section.16}{\376\377\000C\000o\000u\000n\000t\000i\000n\000g\000\040\000p\000r\000o\000c\000e\000s\000s\000e\000s}{part*.7}% 79
\BOOKMARK [2][-]{subsection.16.1}{\376\377\000B\000i\000r\000t\000h\000\040\000p\000r\000o\000c\000e\000s\000s\000e\000s}{section.16}% 80
\BOOKMARK [2][-]{subsection.16.2}{\376\377\000T\000i\000m\000e\000\040\000i\000n\000h\000o\000m\000o\000g\000e\000n\000e\000o\000u\000s\000\040\000P\000o\000i\000s\000s\000o\000n\000\040\000p\000r\000o\000c\000e\000s\000s}{section.16}% 81
\BOOKMARK [1][-]{example.16.2}{\376\377\000P\000r\000o\000b\000l\000e\000m\000\040\000S\000h\000e\000e\000t\000\040\0008}{part*.7}% 82
\BOOKMARK [1][-]{section.17}{\376\377\000C\000o\000n\000t\000i\000n\000u\000o\000u\000s\000\040\000t\000i\000m\000e\000\040\000M\000a\000r\000k\000o\000v\000\040\000j\000u\000m\000p\000\040\000p\000r\000o\000c\000e\000s\000s\000e\000s}{part*.7}% 83
\BOOKMARK [2][-]{subsection.17.1}{\376\377\000J\000u\000m\000p\000\040\000c\000h\000a\000i\000n\000\040\000a\000n\000d\000\040\000h\000o\000l\000d\000i\000n\000g\000\040\000t\000i\000m\000e\000s}{section.17}% 84
\BOOKMARK [2][-]{subsection.17.2}{\376\377\000E\000x\000a\000m\000p\000l\000e\000s}{section.17}% 85
\BOOKMARK [2][-]{subsection.17.3}{\376\377\000A\000\040\000b\000r\000i\000e\000f\000\040\000n\000o\000t\000e\000\040\000o\000n\000\040\000e\000x\000p\000l\000o\000s\000i\000o\000n}{section.17}% 86
\BOOKMARK [1][-]{section.18}{\376\377\000F\000o\000r\000w\000a\000r\000d\000\040\000a\000n\000d\000\040\000b\000a\000c\000k\000w\000a\000r\000d\000\040\000e\000q\000u\000a\000t\000i\000o\000n\000s}{part*.7}% 87
\BOOKMARK [2][-]{subsection.18.1}{\376\377\000T\000r\000a\000n\000s\000i\000t\000i\000o\000n\000s\000\040\000i\000n\000\040\000i\000n\000f\000i\000n\000i\000t\000e\000s\000i\000m\000a\000l\000\040\000t\000i\000m\000e\000\040\000p\000e\000r\000i\000o\000d\000s}{section.18}% 88
\BOOKMARK [2][-]{subsection.18.2}{\376\377\000T\000r\000a\000n\000s\000i\000t\000i\000o\000n\000\040\000s\000e\000m\000i\000g\000r\000o\000u\000p\000\040\000a\000n\000d\000\040\000t\000h\000e\000\040\000f\000o\000r\000w\000a\000r\000d\000\040\000a\000n\000d\000\040\000b\000a\000c\000k\000w\000a\000r\000d\000\040\000e\000q\000u\000a\000t\000i\000o\000n\000s}{section.18}% 89
\BOOKMARK [2][-]{subsection.18.3}{\376\377\000M\000a\000t\000r\000i\000x\000\040\000e\000x\000p\000o\000n\000e\000n\000t\000i\000a\000l}{section.18}% 90
\BOOKMARK [1][-]{theorem.18.1}{\376\377\000P\000r\000o\000b\000l\000e\000m\000\040\000S\000h\000e\000e\000t\000\040\0009}{part*.7}% 91
\BOOKMARK [1][-]{section.19}{\376\377\000C\000l\000a\000s\000s\000\040\000s\000t\000r\000u\000c\000t\000u\000r\000e\000\040\000a\000n\000d\000\040\000h\000i\000t\000t\000i\000n\000g\000\040\000t\000i\000m\000e\000s}{part*.7}% 92
\BOOKMARK [2][-]{subsection.19.1}{\376\377\000C\000o\000m\000m\000u\000n\000i\000c\000a\000t\000i\000n\000g\000\040\000c\000l\000a\000s\000s\000e\000s}{section.19}% 93
\BOOKMARK [2][-]{subsection.19.2}{\376\377\000A\000\040\000b\000r\000i\000e\000f\000\040\000n\000o\000t\000e\000\040\000o\000n\000\040\000p\000e\000r\000i\000o\000d\000i\000c\000i\000t\000y}{section.19}% 94
\BOOKMARK [2][-]{subsection.19.3}{\376\377\000H\000i\000t\000t\000i\000n\000g\000\040\000p\000r\000o\000b\000a\000b\000i\000l\000i\000t\000i\000e\000s\000\040\000a\000n\000d\000\040\000e\000x\000p\000e\000c\000t\000e\000d\000\040\000h\000i\000t\000t\000i\000n\000g\000\040\000t\000i\000m\000e\000s}{section.19}% 95
\BOOKMARK [2][-]{subsection.19.4}{\376\377\000R\000e\000c\000u\000r\000r\000e\000n\000c\000e\000\040\000a\000n\000d\000\040\000t\000r\000a\000n\000s\000i\000e\000n\000c\000e}{section.19}% 96
\BOOKMARK [1][-]{section.20}{\376\377\000L\000o\000n\000g\000-\000t\000e\000r\000m\000\040\000b\000e\000h\000a\000v\000i\000o\000u\000r\000\040\000o\000f\000\040\000M\000a\000r\000k\000o\000v\000\040\000j\000u\000m\000p\000\040\000p\000r\000o\000c\000e\000s\000s\000e\000s}{part*.7}% 97
\BOOKMARK [2][-]{subsection.20.1}{\376\377\000S\000t\000a\000t\000i\000o\000n\000a\000r\000y\000\040\000d\000i\000s\000t\000r\000i\000b\000u\000t\000i\000o\000n\000s}{section.20}% 98
\BOOKMARK [2][-]{subsection.20.2}{\376\377\000C\000o\000n\000v\000e\000r\000g\000e\000n\000c\000e\000\040\000t\000o\000\040\000e\000q\000u\000i\000l\000i\000b\000r\000i\000u\000m}{section.20}% 99
\BOOKMARK [2][-]{subsection.20.3}{\376\377\000E\000r\000g\000o\000d\000i\000c\000\040\000t\000h\000e\000o\000r\000e\000m}{section.20}% 100
\BOOKMARK [1][-]{example.20.2}{\376\377\000P\000r\000o\000b\000l\000e\000m\000\040\000S\000h\000e\000e\000t\000\040\0001\0000}{part*.7}% 101
\BOOKMARK [1][-]{example.20.2}{\376\377\000A\000s\000s\000e\000s\000s\000m\000e\000n\000t\000\040\0004}{part*.7}% 102
\BOOKMARK [1][-]{section.21}{\376\377\000Q\000u\000e\000u\000e\000s}{part*.7}% 103
\BOOKMARK [2][-]{subsection.21.1}{\376\377\000M\000/\000M\000/\042\036\000\040\000i\000n\000f\000i\000n\000i\000t\000e\000\040\000s\000e\000r\000v\000e\000r\000\040\000p\000r\000o\000c\000e\000s\000s}{section.21}% 104
\BOOKMARK [2][-]{subsection.21.2}{\376\377\000M\000/\000M\000/\0001\000\040\000s\000i\000n\000g\000l\000e\000\040\000s\000e\000r\000v\000e\000r\000\040\000q\000u\000e\000u\000e}{section.21}% 105
\BOOKMARK [1][-]{section.22}{\376\377\000E\000n\000d\000\040\000o\000f\000\040\000P\000a\000r\000t\000\040\000I\000I\000:\000\040\000C\000o\000n\000t\000i\000n\000u\000o\000u\000s\000\040\000t\000i\000m\000e\000\040\000M\000a\000r\000k\000o\000v\000\040\000j\000u\000m\000p\000\040\000p\000r\000o\000c\000e\000s\000s\000e\000s}{part*.7}% 106
\BOOKMARK [2][-]{subsection.22.1}{\376\377\000S\000u\000m\000m\000a\000r\000y\000\040\000o\000f\000\040\000P\000a\000r\000t\000\040\000I\000I}{section.22}% 107
\BOOKMARK [2][-]{subsection.22.2}{\376\377\000E\000x\000a\000m\000\040\000F\000A\000Q\000s}{section.22}% 108
\BOOKMARK [1][-]{subsection.22.2}{\376\377\000P\000r\000o\000b\000l\000e\000m\000\040\000S\000h\000e\000e\000t\000\040\0001\0001}{part*.7}% 109
\BOOKMARK [1][-]{subsection.22.2}{\376\377\000C\000o\000m\000p\000u\000t\000a\000t\000i\000o\000n\000a\000l\000\040\000w\000o\000r\000k\000s\000h\000e\000e\000t\000s}{part*.7}% 110
\BOOKMARK [2][-]{section*.8}{\376\377\000A\000b\000o\000u\000t\000\040\000t\000h\000e\000\040\000c\000o\000m\000p\000u\000t\000a\000t\000i\000o\000n\000a\000l\000\040\000w\000o\000r\000k\000s\000h\000e\000e\000t\000s}{subsection.22.2}% 111
\BOOKMARK [2][-]{section*.8}{\376\377\000H\000o\000w\000\040\000t\000o\000\040\000a\000c\000c\000e\000s\000s\000\040\000R}{subsection.22.2}% 112
\BOOKMARK [2][-]{section*.8}{\376\377\000R\000\040\000b\000a\000c\000k\000g\000r\000o\000u\000n\000d}{subsection.22.2}% 113
